[0.092s] DEBUG:colcon:Command line arguments: ['/usr/bin/colcon', 'build']
[0.092s] DEBUG:colcon:Parsed command line arguments: Namespace(log_base=None, log_level=None, verb_name='build', build_base='build', install_base='install', merge_install=False, symlink_install=False, test_result_base=None, continue_on_error=False, executor='parallel', parallel_workers=12, event_handlers=None, ignore_user_meta=False, metas=['./colcon.meta'], base_paths=['.'], packages_ignore=None, packages_ignore_regex=None, paths=None, packages_up_to=None, packages_up_to_regex=None, packages_above=None, packages_above_and_dependencies=None, packages_above_depth=None, packages_select_by_dep=None, packages_skip_by_dep=None, packages_skip_up_to=None, packages_select_build_failed=False, packages_skip_build_finished=False, packages_select_test_failures=False, packages_skip_test_passed=False, packages_select=None, packages_skip=None, packages_select_regex=None, packages_skip_regex=None, packages_start=None, packages_end=None, allow_overriding=[], cmake_args=None, cmake_target=None, cmake_target_skip_unavailable=False, cmake_clean_cache=False, cmake_clean_first=False, cmake_force_configure=False, ament_cmake_args=None, catkin_cmake_args=None, catkin_skip_building_tests=False, mixin_files=None, mixin=None, verb_parser=<colcon_mixin.mixin.mixin_argument.MixinArgumentDecorator object at 0x7d6301563880>, verb_extension=<colcon_core.verb.build.BuildVerb object at 0x7d6301563310>, main=<bound method BuildVerb.main of <colcon_core.verb.build.BuildVerb object at 0x7d6301563310>>, mixin_verb=('build',))
[0.124s] Level 1:colcon.colcon_core.package_discovery:discover_packages(colcon_meta) check parameters
[0.124s] Level 1:colcon.colcon_core.package_discovery:discover_packages(recursive) check parameters
[0.124s] Level 1:colcon.colcon_core.package_discovery:discover_packages(ignore) check parameters
[0.124s] Level 1:colcon.colcon_core.package_discovery:discover_packages(path) check parameters
[0.124s] Level 1:colcon.colcon_core.package_discovery:discover_packages(colcon_meta) discover
[0.125s] Level 1:colcon.colcon_core.package_discovery:discover_packages(recursive) discover
[0.125s] INFO:colcon.colcon_core.package_discovery:Crawling recursively for packages in '/home/rajvardhan/ebot_controller/src'
[0.125s] Level 1:colcon.colcon_core.package_identification:_identify(.) by extensions ['ignore', 'ignore_ament_install']
[0.125s] Level 1:colcon.colcon_core.package_identification:_identify(.) by extension 'ignore'
[0.125s] Level 1:colcon.colcon_core.package_identification:_identify(.) by extension 'ignore_ament_install'
[0.125s] Level 1:colcon.colcon_core.package_identification:_identify(.) by extensions ['colcon_pkg']
[0.125s] Level 1:colcon.colcon_core.package_identification:_identify(.) by extension 'colcon_pkg'
[0.125s] Level 1:colcon.colcon_core.package_identification:_identify(.) by extensions ['colcon_meta']
[0.125s] Level 1:colcon.colcon_core.package_identification:_identify(.) by extension 'colcon_meta'
[0.125s] Level 1:colcon.colcon_core.package_identification:_identify(.) by extensions ['ros']
[0.125s] Level 1:colcon.colcon_core.package_identification:_identify(.) by extension 'ros'
[0.136s] Level 1:colcon.colcon_core.package_identification:_identify(.) by extensions ['cmake', 'python']
[0.136s] Level 1:colcon.colcon_core.package_identification:_identify(.) by extension 'cmake'
[0.136s] Level 1:colcon.colcon_core.package_identification:_identify(.) by extension 'python'
[0.136s] Level 1:colcon.colcon_core.package_identification:_identify(.) by extensions ['python_setup_py']
[0.136s] Level 1:colcon.colcon_core.package_identification:_identify(.) by extension 'python_setup_py'
[0.136s] Level 1:colcon.colcon_core.package_identification:_identify(build) by extensions ['ignore', 'ignore_ament_install']
[0.137s] Level 1:colcon.colcon_core.package_identification:_identify(build) by extension 'ignore'
[0.137s] Level 1:colcon.colcon_core.package_identification:_identify(build) ignored
[0.137s] Level 1:colcon.colcon_core.package_identification:_identify(ebot_description) by extensions ['ignore', 'ignore_ament_install']
[0.137s] Level 1:colcon.colcon_core.package_identification:_identify(ebot_description) by extension 'ignore'
[0.137s] Level 1:colcon.colcon_core.package_identification:_identify(ebot_description) by extension 'ignore_ament_install'
[0.137s] Level 1:colcon.colcon_core.package_identification:_identify(ebot_description) by extensions ['colcon_pkg']
[0.137s] Level 1:colcon.colcon_core.package_identification:_identify(ebot_description) by extension 'colcon_pkg'
[0.137s] Level 1:colcon.colcon_core.package_identification:_identify(ebot_description) by extensions ['colcon_meta']
[0.137s] Level 1:colcon.colcon_core.package_identification:_identify(ebot_description) by extension 'colcon_meta'
[0.137s] Level 1:colcon.colcon_core.package_identification:_identify(ebot_description) by extensions ['ros']
[0.137s] Level 1:colcon.colcon_core.package_identification:_identify(ebot_description) by extension 'ros'
[0.139s] DEBUG:colcon.colcon_core.package_identification:Package 'ebot_description' with type 'ros.ament_cmake' and name 'ebot_description'
[0.139s] Level 1:colcon.colcon_core.package_identification:_identify(ebot_serial) by extensions ['ignore', 'ignore_ament_install']
[0.139s] Level 1:colcon.colcon_core.package_identification:_identify(ebot_serial) by extension 'ignore'
[0.139s] Level 1:colcon.colcon_core.package_identification:_identify(ebot_serial) by extension 'ignore_ament_install'
[0.139s] Level 1:colcon.colcon_core.package_identification:_identify(ebot_serial) by extensions ['colcon_pkg']
[0.139s] Level 1:colcon.colcon_core.package_identification:_identify(ebot_serial) by extension 'colcon_pkg'
[0.139s] Level 1:colcon.colcon_core.package_identification:_identify(ebot_serial) by extensions ['colcon_meta']
[0.140s] Level 1:colcon.colcon_core.package_identification:_identify(ebot_serial) by extension 'colcon_meta'
[0.140s] Level 1:colcon.colcon_core.package_identification:_identify(ebot_serial) by extensions ['ros']
[0.140s] Level 1:colcon.colcon_core.package_identification:_identify(ebot_serial) by extension 'ros'
[0.140s] DEBUG:colcon.colcon_core.package_identification:Package 'ebot_serial' with type 'ros.ament_python' and name 'ebot_serial'
[0.140s] Level 1:colcon.colcon_core.package_identification:_identify(install) by extensions ['ignore', 'ignore_ament_install']
[0.140s] Level 1:colcon.colcon_core.package_identification:_identify(install) by extension 'ignore'
[0.140s] Level 1:colcon.colcon_core.package_identification:_identify(install) ignored
[0.140s] Level 1:colcon.colcon_core.package_identification:_identify(log) by extensions ['ignore', 'ignore_ament_install']
[0.140s] Level 1:colcon.colcon_core.package_identification:_identify(log) by extension 'ignore'
[0.140s] Level 1:colcon.colcon_core.package_identification:_identify(log) ignored
[0.140s] Level 1:colcon.colcon_core.package_discovery:discover_packages(recursive) using defaults
[0.141s] Level 1:colcon.colcon_core.package_discovery:discover_packages(ignore) discover
[0.141s] Level 1:colcon.colcon_core.package_discovery:discover_packages(ignore) using defaults
[0.141s] Level 1:colcon.colcon_core.package_discovery:discover_packages(path) discover
[0.141s] Level 1:colcon.colcon_core.package_discovery:discover_packages(path) using defaults
[0.156s] Level 1:colcon.colcon_core.package_discovery:discover_packages(prefix_path) check parameters
[0.157s] Level 1:colcon.colcon_core.package_discovery:discover_packages(prefix_path) discover
[0.157s] WARNING:colcon.colcon_ros.prefix_path.ament:The path '/home/rajvardhan/ebot_controller/src/install/ebot_serial' in the environment variable AMENT_PREFIX_PATH doesn't exist
[0.158s] DEBUG:colcon.colcon_installed_package_information.package_discovery:Found 0 installed packages in /home/rajvardhan/ebot_controller/src/install
[0.159s] DEBUG:colcon.colcon_installed_package_information.package_discovery:Found 332 installed packages in /opt/ros/humble
[0.160s] Level 1:colcon.colcon_core.package_discovery:discover_packages(prefix_path) using defaults
[0.197s] Level 5:colcon.colcon_core.verb:set package 'ebot_description' build argument 'cmake_args' from command line to 'None'
[0.197s] Level 5:colcon.colcon_core.verb:set package 'ebot_description' build argument 'cmake_target' from command line to 'None'
[0.197s] Level 5:colcon.colcon_core.verb:set package 'ebot_description' build argument 'cmake_target_skip_unavailable' from command line to 'False'
[0.197s] Level 5:colcon.colcon_core.verb:set package 'ebot_description' build argument 'cmake_clean_cache' from command line to 'False'
[0.197s] Level 5:colcon.colcon_core.verb:set package 'ebot_description' build argument 'cmake_clean_first' from command line to 'False'
[0.197s] Level 5:colcon.colcon_core.verb:set package 'ebot_description' build argument 'cmake_force_configure' from command line to 'False'
[0.198s] Level 5:colcon.colcon_core.verb:set package 'ebot_description' build argument 'ament_cmake_args' from command line to 'None'
[0.198s] Level 5:colcon.colcon_core.verb:set package 'ebot_description' build argument 'catkin_cmake_args' from command line to 'None'
[0.198s] Level 5:colcon.colcon_core.verb:set package 'ebot_description' build argument 'catkin_skip_building_tests' from command line to 'False'
[0.198s] DEBUG:colcon.colcon_core.verb:Building package 'ebot_description' with the following arguments: {'ament_cmake_args': None, 'build_base': '/home/rajvardhan/ebot_controller/src/build/ebot_description', 'catkin_cmake_args': None, 'catkin_skip_building_tests': False, 'cmake_args': None, 'cmake_clean_cache': False, 'cmake_clean_first': False, 'cmake_force_configure': False, 'cmake_target': None, 'cmake_target_skip_unavailable': False, 'install_base': '/home/rajvardhan/ebot_controller/src/install/ebot_description', 'merge_install': False, 'path': '/home/rajvardhan/ebot_controller/src/ebot_description', 'symlink_install': False, 'test_result_base': None}
[0.198s] Level 5:colcon.colcon_core.verb:set package 'ebot_serial' build argument 'cmake_args' from command line to 'None'
[0.198s] Level 5:colcon.colcon_core.verb:set package 'ebot_serial' build argument 'cmake_target' from command line to 'None'
[0.198s] Level 5:colcon.colcon_core.verb:set package 'ebot_serial' build argument 'cmake_target_skip_unavailable' from command line to 'False'
[0.198s] Level 5:colcon.colcon_core.verb:set package 'ebot_serial' build argument 'cmake_clean_cache' from command line to 'False'
[0.198s] Level 5:colcon.colcon_core.verb:set package 'ebot_serial' build argument 'cmake_clean_first' from command line to 'False'
[0.198s] Level 5:colcon.colcon_core.verb:set package 'ebot_serial' build argument 'cmake_force_configure' from command line to 'False'
[0.198s] Level 5:colcon.colcon_core.verb:set package 'ebot_serial' build argument 'ament_cmake_args' from command line to 'None'
[0.198s] Level 5:colcon.colcon_core.verb:set package 'ebot_serial' build argument 'catkin_cmake_args' from command line to 'None'
[0.198s] Level 5:colcon.colcon_core.verb:set package 'ebot_serial' build argument 'catkin_skip_building_tests' from command line to 'False'
[0.198s] DEBUG:colcon.colcon_core.verb:Building package 'ebot_serial' with the following arguments: {'ament_cmake_args': None, 'build_base': '/home/rajvardhan/ebot_controller/src/build/ebot_serial', 'catkin_cmake_args': None, 'catkin_skip_building_tests': False, 'cmake_args': None, 'cmake_clean_cache': False, 'cmake_clean_first': False, 'cmake_force_configure': False, 'cmake_target': None, 'cmake_target_skip_unavailable': False, 'install_base': '/home/rajvardhan/ebot_controller/src/install/ebot_serial', 'merge_install': False, 'path': '/home/rajvardhan/ebot_controller/src/ebot_serial', 'symlink_install': False, 'test_result_base': None}
[0.198s] INFO:colcon.colcon_core.executor:Executing jobs using 'parallel' executor
[0.199s] DEBUG:colcon.colcon_parallel_executor.executor.parallel:run_until_complete
[0.199s] INFO:colcon.colcon_ros.task.ament_cmake.build:Building ROS package in '/home/rajvardhan/ebot_controller/src/ebot_description' with build type 'ament_cmake'
[0.199s] INFO:colcon.colcon_cmake.task.cmake.build:Building CMake package in '/home/rajvardhan/ebot_controller/src/ebot_description'
[0.201s] INFO:colcon.colcon_core.plugin_system:Skipping extension 'colcon_core.shell.bat': Not used on non-Windows systems
[0.201s] INFO:colcon.colcon_core.shell:Skip shell extension 'powershell' for command environment: Not usable outside of PowerShell
[0.201s] DEBUG:colcon.colcon_core.shell:Skip shell extension 'dsv' for command environment
[0.204s] INFO:colcon.colcon_ros.task.ament_python.build:Building ROS package in '/home/rajvardhan/ebot_controller/src/ebot_serial' with build type 'ament_python'
[0.204s] Level 1:colcon.colcon_core.shell:create_environment_hook('ebot_serial', 'ament_prefix_path')
[0.204s] INFO:colcon.colcon_core.shell:Creating environment hook '/home/rajvardhan/ebot_controller/src/install/ebot_serial/share/ebot_serial/hook/ament_prefix_path.ps1'
[0.205s] INFO:colcon.colcon_core.shell:Creating environment descriptor '/home/rajvardhan/ebot_controller/src/install/ebot_serial/share/ebot_serial/hook/ament_prefix_path.dsv'
[0.205s] INFO:colcon.colcon_core.shell:Creating environment hook '/home/rajvardhan/ebot_controller/src/install/ebot_serial/share/ebot_serial/hook/ament_prefix_path.sh'
[0.206s] INFO:colcon.colcon_core.shell:Skip shell extension 'powershell' for command environment: Not usable outside of PowerShell
[0.206s] DEBUG:colcon.colcon_core.shell:Skip shell extension 'dsv' for command environment
[0.214s] DEBUG:colcon.colcon_core.event_handler.log_command:Invoking command in '/home/rajvardhan/ebot_controller/src/build/ebot_description': CMAKE_PREFIX_PATH=/home/rajvardhan/ebot_controller/src/install/ebot_serial:/opt/ros/humble /usr/bin/cmake /home/rajvardhan/ebot_controller/src/ebot_description -DCMAKE_INSTALL_PREFIX=/home/rajvardhan/ebot_controller/src/install/ebot_description
[0.400s] INFO:colcon.colcon_core.task.python.build:Building Python package in '/home/rajvardhan/ebot_controller/src/ebot_serial'
[0.400s] INFO:colcon.colcon_core.shell:Skip shell extension 'powershell' for command environment: Not usable outside of PowerShell
[0.400s] DEBUG:colcon.colcon_core.shell:Skip shell extension 'dsv' for command environment
[0.928s] DEBUG:colcon.colcon_core.event_handler.log_command:Invoked command in '/home/rajvardhan/ebot_controller/src/build/ebot_description' returned '0': CMAKE_PREFIX_PATH=/home/rajvardhan/ebot_controller/src/install/ebot_serial:/opt/ros/humble /usr/bin/cmake /home/rajvardhan/ebot_controller/src/ebot_description -DCMAKE_INSTALL_PREFIX=/home/rajvardhan/ebot_controller/src/install/ebot_description
[0.930s] DEBUG:colcon.colcon_core.event_handler.log_command:Invoking command in '/home/rajvardhan/ebot_controller/src/build/ebot_description': CMAKE_PREFIX_PATH=/home/rajvardhan/ebot_controller/src/install/ebot_serial:/opt/ros/humble /usr/bin/cmake --build /home/rajvardhan/ebot_controller/src/build/ebot_description -- -j12 -l12
[0.938s] DEBUG:colcon.colcon_core.event_handler.log_command:Invoking command in '/home/rajvardhan/ebot_controller/src/ebot_serial': PYTHONPATH=/home/rajvardhan/ebot_controller/src/build/ebot_serial/prefix_override:/usr/lib/python3/dist-packages/colcon_core/task/python/colcon_distutils_commands:/home/rajvardhan/ebot_controller/src/install/ebot_serial/lib/python3.10/site-packages:${PYTHONPATH} /usr/bin/python3 -W ignore:setup.py install is deprecated -W ignore:easy_install command is deprecated setup.py egg_info --egg-base ../build/ebot_serial build --build-base /home/rajvardhan/ebot_controller/src/build/ebot_serial/build install --record /home/rajvardhan/ebot_controller/src/build/ebot_serial/install.log --single-version-externally-managed install_data
[0.968s] DEBUG:colcon.colcon_core.event_handler.log_command:Invoked command in '/home/rajvardhan/ebot_controller/src/build/ebot_description' returned '0': CMAKE_PREFIX_PATH=/home/rajvardhan/ebot_controller/src/install/ebot_serial:/opt/ros/humble /usr/bin/cmake --build /home/rajvardhan/ebot_controller/src/build/ebot_description -- -j12 -l12
[0.978s] DEBUG:colcon.colcon_core.event_handler.log_command:Invoking command in '/home/rajvardhan/ebot_controller/src/build/ebot_description': CMAKE_PREFIX_PATH=/home/rajvardhan/ebot_controller/src/install/ebot_serial:/opt/ros/humble /usr/bin/cmake --install /home/rajvardhan/ebot_controller/src/build/ebot_description
[1.031s] Level 1:colcon.colcon_core.environment:create_environment_scripts_only(ebot_description)
[1.031s] DEBUG:colcon.colcon_core.event_handler.log_command:Invoked command in '/home/rajvardhan/ebot_controller/src/build/ebot_description' returned '0': CMAKE_PREFIX_PATH=/home/rajvardhan/ebot_controller/src/install/ebot_serial:/opt/ros/humble /usr/bin/cmake --install /home/rajvardhan/ebot_controller/src/build/ebot_description
[1.033s] Level 1:colcon.colcon_core.environment:checking '/home/rajvardhan/ebot_controller/src/install/ebot_description' for CMake module files
[1.033s] Level 1:colcon.colcon_core.environment:checking '/home/rajvardhan/ebot_controller/src/install/ebot_description' for CMake config files
[1.034s] Level 1:colcon.colcon_core.shell:create_environment_hook('ebot_description', 'cmake_prefix_path')
[1.034s] INFO:colcon.colcon_core.shell:Creating environment hook '/home/rajvardhan/ebot_controller/src/install/ebot_description/share/ebot_description/hook/cmake_prefix_path.ps1'
[1.034s] INFO:colcon.colcon_core.shell:Creating environment descriptor '/home/rajvardhan/ebot_controller/src/install/ebot_description/share/ebot_description/hook/cmake_prefix_path.dsv'
[1.034s] INFO:colcon.colcon_core.shell:Creating environment hook '/home/rajvardhan/ebot_controller/src/install/ebot_description/share/ebot_description/hook/cmake_prefix_path.sh'
[1.035s] Level 1:colcon.colcon_core.environment:checking '/home/rajvardhan/ebot_controller/src/install/ebot_description/lib'
[1.035s] Level 1:colcon.colcon_core.environment:checking '/home/rajvardhan/ebot_controller/src/install/ebot_description/bin'
[1.035s] Level 1:colcon.colcon_core.environment:checking '/home/rajvardhan/ebot_controller/src/install/ebot_description/lib/pkgconfig/ebot_description.pc'
[1.035s] Level 1:colcon.colcon_core.environment:checking '/home/rajvardhan/ebot_controller/src/install/ebot_description/lib/python3.10/site-packages'
[1.035s] Level 1:colcon.colcon_core.environment:checking '/home/rajvardhan/ebot_controller/src/install/ebot_description/bin'
[1.036s] INFO:colcon.colcon_core.shell:Creating package script '/home/rajvardhan/ebot_controller/src/install/ebot_description/share/ebot_description/package.ps1'
[1.036s] INFO:colcon.colcon_core.shell:Creating package descriptor '/home/rajvardhan/ebot_controller/src/install/ebot_description/share/ebot_description/package.dsv'
[1.037s] INFO:colcon.colcon_core.shell:Creating package script '/home/rajvardhan/ebot_controller/src/install/ebot_description/share/ebot_description/package.sh'
[1.037s] INFO:colcon.colcon_core.shell:Creating package script '/home/rajvardhan/ebot_controller/src/install/ebot_description/share/ebot_description/package.bash'
[1.038s] INFO:colcon.colcon_core.shell:Creating package script '/home/rajvardhan/ebot_controller/src/install/ebot_description/share/ebot_description/package.zsh'
[1.038s] Level 1:colcon.colcon_core.environment:create_file_with_runtime_dependencies(/home/rajvardhan/ebot_controller/src/install/ebot_description/share/colcon-core/packages/ebot_description)
[1.038s] Level 1:colcon.colcon_core.environment:create_environment_scripts_only(ebot_description)
[1.039s] Level 1:colcon.colcon_core.environment:checking '/home/rajvardhan/ebot_controller/src/install/ebot_description' for CMake module files
[1.039s] Level 1:colcon.colcon_core.environment:checking '/home/rajvardhan/ebot_controller/src/install/ebot_description' for CMake config files
[1.039s] Level 1:colcon.colcon_core.shell:create_environment_hook('ebot_description', 'cmake_prefix_path')
[1.039s] INFO:colcon.colcon_core.shell:Creating environment hook '/home/rajvardhan/ebot_controller/src/install/ebot_description/share/ebot_description/hook/cmake_prefix_path.ps1'
[1.040s] INFO:colcon.colcon_core.shell:Creating environment descriptor '/home/rajvardhan/ebot_controller/src/install/ebot_description/share/ebot_description/hook/cmake_prefix_path.dsv'
[1.040s] INFO:colcon.colcon_core.shell:Creating environment hook '/home/rajvardhan/ebot_controller/src/install/ebot_description/share/ebot_description/hook/cmake_prefix_path.sh'
[1.041s] Level 1:colcon.colcon_core.environment:checking '/home/rajvardhan/ebot_controller/src/install/ebot_description/lib'
[1.041s] Level 1:colcon.colcon_core.environment:checking '/home/rajvardhan/ebot_controller/src/install/ebot_description/bin'
[1.041s] Level 1:colcon.colcon_core.environment:checking '/home/rajvardhan/ebot_controller/src/install/ebot_description/lib/pkgconfig/ebot_description.pc'
[1.041s] Level 1:colcon.colcon_core.environment:checking '/home/rajvardhan/ebot_controller/src/install/ebot_description/lib/python3.10/site-packages'
[1.041s] Level 1:colcon.colcon_core.environment:checking '/home/rajvardhan/ebot_controller/src/install/ebot_description/bin'
[1.041s] INFO:colcon.colcon_core.shell:Creating package script '/home/rajvardhan/ebot_controller/src/install/ebot_description/share/ebot_description/package.ps1'
[1.042s] INFO:colcon.colcon_core.shell:Creating package descriptor '/home/rajvardhan/ebot_controller/src/install/ebot_description/share/ebot_description/package.dsv'
[1.042s] INFO:colcon.colcon_core.shell:Creating package script '/home/rajvardhan/ebot_controller/src/install/ebot_description/share/ebot_description/package.sh'
[1.042s] INFO:colcon.colcon_core.shell:Creating package script '/home/rajvardhan/ebot_controller/src/install/ebot_description/share/ebot_description/package.bash'
[1.043s] INFO:colcon.colcon_core.shell:Creating package script '/home/rajvardhan/ebot_controller/src/install/ebot_description/share/ebot_description/package.zsh'
[1.043s] Level 1:colcon.colcon_core.environment:create_file_with_runtime_dependencies(/home/rajvardhan/ebot_controller/src/install/ebot_description/share/colcon-core/packages/ebot_description)
[1.385s] Level 1:colcon.colcon_core.environment:checking '/home/rajvardhan/ebot_controller/src/install/ebot_serial' for CMake module files
[1.386s] DEBUG:colcon.colcon_core.event_handler.log_command:Invoked command in '/home/rajvardhan/ebot_controller/src/ebot_serial' returned '0': PYTHONPATH=/home/rajvardhan/ebot_controller/src/build/ebot_serial/prefix_override:/usr/lib/python3/dist-packages/colcon_core/task/python/colcon_distutils_commands:/home/rajvardhan/ebot_controller/src/install/ebot_serial/lib/python3.10/site-packages:${PYTHONPATH} /usr/bin/python3 -W ignore:setup.py install is deprecated -W ignore:easy_install command is deprecated setup.py egg_info --egg-base ../build/ebot_serial build --build-base /home/rajvardhan/ebot_controller/src/build/ebot_serial/build install --record /home/rajvardhan/ebot_controller/src/build/ebot_serial/install.log --single-version-externally-managed install_data
[1.386s] Level 1:colcon.colcon_core.environment:checking '/home/rajvardhan/ebot_controller/src/install/ebot_serial' for CMake config files
[1.387s] Level 1:colcon.colcon_core.environment:checking '/home/rajvardhan/ebot_controller/src/install/ebot_serial/lib'
[1.387s] Level 1:colcon.colcon_core.environment:checking '/home/rajvardhan/ebot_controller/src/install/ebot_serial/bin'
[1.387s] Level 1:colcon.colcon_core.environment:checking '/home/rajvardhan/ebot_controller/src/install/ebot_serial/lib/pkgconfig/ebot_serial.pc'
[1.387s] Level 1:colcon.colcon_core.environment:checking '/home/rajvardhan/ebot_controller/src/install/ebot_serial/lib/python3.10/site-packages'
[1.387s] Level 1:colcon.colcon_core.shell:create_environment_hook('ebot_serial', 'pythonpath')
[1.387s] INFO:colcon.colcon_core.shell:Creating environment hook '/home/rajvardhan/ebot_controller/src/install/ebot_serial/share/ebot_serial/hook/pythonpath.ps1'
[1.387s] INFO:colcon.colcon_core.shell:Creating environment descriptor '/home/rajvardhan/ebot_controller/src/install/ebot_serial/share/ebot_serial/hook/pythonpath.dsv'
[1.388s] INFO:colcon.colcon_core.shell:Creating environment hook '/home/rajvardhan/ebot_controller/src/install/ebot_serial/share/ebot_serial/hook/pythonpath.sh'
[1.388s] Level 1:colcon.colcon_core.environment:checking '/home/rajvardhan/ebot_controller/src/install/ebot_serial/bin'
[1.388s] Level 1:colcon.colcon_core.environment:create_environment_scripts_only(ebot_serial)
[1.388s] INFO:colcon.colcon_core.shell:Creating package script '/home/rajvardhan/ebot_controller/src/install/ebot_serial/share/ebot_serial/package.ps1'
[1.389s] INFO:colcon.colcon_core.shell:Creating package descriptor '/home/rajvardhan/ebot_controller/src/install/ebot_serial/share/ebot_serial/package.dsv'
[1.389s] INFO:colcon.colcon_core.shell:Creating package script '/home/rajvardhan/ebot_controller/src/install/ebot_serial/share/ebot_serial/package.sh'
[1.389s] INFO:colcon.colcon_core.shell:Creating package script '/home/rajvardhan/ebot_controller/src/install/ebot_serial/share/ebot_serial/package.bash'
[1.390s] INFO:colcon.colcon_core.shell:Creating package script '/home/rajvardhan/ebot_controller/src/install/ebot_serial/share/ebot_serial/package.zsh'
[1.390s] Level 1:colcon.colcon_core.environment:create_file_with_runtime_dependencies(/home/rajvardhan/ebot_controller/src/install/ebot_serial/share/colcon-core/packages/ebot_serial)
[1.390s] DEBUG:colcon.colcon_parallel_executor.executor.parallel:closing loop
[1.390s] DEBUG:colcon.colcon_parallel_executor.executor.parallel:loop closed
[1.390s] DEBUG:colcon.colcon_parallel_executor.executor.parallel:run_until_complete finished with '0'
[1.390s] DEBUG:colcon.colcon_core.event_reactor:joining thread
[1.395s] INFO:colcon.colcon_core.plugin_system:Skipping extension 'colcon_notification.desktop_notification.terminal_notifier': Not used on non-Darwin systems
[1.395s] INFO:colcon.colcon_core.plugin_system:Skipping extension 'colcon_notification.desktop_notification.win32': Not used on non-Windows systems
[1.396s] INFO:colcon.colcon_notification.desktop_notification:Sending desktop notification using 'notify2'
[1.406s] DEBUG:colcon.colcon_core.event_reactor:joined thread
[1.407s] INFO:colcon.colcon_core.shell:Creating prefix script '/home/rajvardhan/ebot_controller/src/install/local_setup.ps1'
[1.408s] INFO:colcon.colcon_core.shell:Creating prefix util module '/home/rajvardhan/ebot_controller/src/install/_local_setup_util_ps1.py'
[1.409s] INFO:colcon.colcon_core.shell:Creating prefix chain script '/home/rajvardhan/ebot_controller/src/install/setup.ps1'
[1.410s] INFO:colcon.colcon_core.shell:Creating prefix script '/home/rajvardhan/ebot_controller/src/install/local_setup.sh'
[1.410s] INFO:colcon.colcon_core.shell:Creating prefix util module '/home/rajvardhan/ebot_controller/src/install/_local_setup_util_sh.py'
[1.411s] INFO:colcon.colcon_core.shell:Creating prefix chain script '/home/rajvardhan/ebot_controller/src/install/setup.sh'
[1.411s] INFO:colcon.colcon_core.shell:Creating prefix script '/home/rajvardhan/ebot_controller/src/install/local_setup.bash'
[1.412s] INFO:colcon.colcon_core.shell:Creating prefix chain script '/home/rajvardhan/ebot_controller/src/install/setup.bash'
[1.413s] INFO:colcon.colcon_core.shell:Creating prefix script '/home/rajvardhan/ebot_controller/src/install/local_setup.zsh'
[1.413s] INFO:colcon.colcon_core.shell:Creating prefix chain script '/home/rajvardhan/ebot_controller/src/install/setup.zsh'
