running egg_info
creating ../build/ebot_serial/ebot_serial.egg-info
writing ../build/ebot_serial/ebot_serial.egg-info/PKG-INFO
writing dependency_links to ../build/ebot_serial/ebot_serial.egg-info/dependency_links.txt
writing entry points to ../build/ebot_serial/ebot_serial.egg-info/entry_points.txt
writing requirements to ../build/ebot_serial/ebot_serial.egg-info/requires.txt
writing top-level names to ../build/ebot_serial/ebot_serial.egg-info/top_level.txt
writing manifest file '../build/ebot_serial/ebot_serial.egg-info/SOURCES.txt'
reading manifest file '../build/ebot_serial/ebot_serial.egg-info/SOURCES.txt'
writing manifest file '../build/ebot_serial/ebot_serial.egg-info/SOURCES.txt'
running build
running build_py
creating /home/rajvardhan/ebot_controller/src/build/ebot_serial/build
creating /home/rajvardhan/ebot_controller/src/build/ebot_serial/build/lib
creating /home/rajvardhan/ebot_controller/src/build/ebot_serial/build/lib/ebot_serial
copying ebot_serial/twist_to_stamped.py -> /home/rajvardhan/ebot_controller/src/build/ebot_serial/build/lib/ebot_serial
copying ebot_serial/cmdvel_to_ardiuno.py -> /home/rajvardhan/ebot_controller/src/build/ebot_serial/build/lib/ebot_serial
copying ebot_serial/__init__.py -> /home/rajvardhan/ebot_controller/src/build/ebot_serial/build/lib/ebot_serial
running install
running install_lib
creating /home/rajvardhan/ebot_controller/src/install/ebot_serial/lib/python3.10/site-packages/ebot_serial
copying /home/rajvardhan/ebot_controller/src/build/ebot_serial/build/lib/ebot_serial/twist_to_stamped.py -> /home/rajvardhan/ebot_controller/src/install/ebot_serial/lib/python3.10/site-packages/ebot_serial
copying /home/rajvardhan/ebot_controller/src/build/ebot_serial/build/lib/ebot_serial/cmdvel_to_ardiuno.py -> /home/rajvardhan/ebot_controller/src/install/ebot_serial/lib/python3.10/site-packages/ebot_serial
copying /home/rajvardhan/ebot_controller/src/build/ebot_serial/build/lib/ebot_serial/__init__.py -> /home/rajvardhan/ebot_controller/src/install/ebot_serial/lib/python3.10/site-packages/ebot_serial
byte-compiling /home/rajvardhan/ebot_controller/src/install/ebot_serial/lib/python3.10/site-packages/ebot_serial/twist_to_stamped.py to twist_to_stamped.cpython-310.pyc
byte-compiling /home/rajvardhan/ebot_controller/src/install/ebot_serial/lib/python3.10/site-packages/ebot_serial/cmdvel_to_ardiuno.py to cmdvel_to_ardiuno.cpython-310.pyc
byte-compiling /home/rajvardhan/ebot_controller/src/install/ebot_serial/lib/python3.10/site-packages/ebot_serial/__init__.py to __init__.cpython-310.pyc
running install_data
creating /home/rajvardhan/ebot_controller/src/install/ebot_serial/share/ament_index
creating /home/rajvardhan/ebot_controller/src/install/ebot_serial/share/ament_index/resource_index
creating /home/rajvardhan/ebot_controller/src/install/ebot_serial/share/ament_index/resource_index/packages
copying resource/ebot_serial -> /home/rajvardhan/ebot_controller/src/install/ebot_serial/share/ament_index/resource_index/packages
copying package.xml -> /home/rajvardhan/ebot_controller/src/install/ebot_serial/share/ebot_serial
running install_egg_info
Copying ../build/ebot_serial/ebot_serial.egg-info to /home/rajvardhan/ebot_controller/src/install/ebot_serial/lib/python3.10/site-packages/ebot_serial-0.0.0-py3.10.egg-info
running install_scripts
Installing cmdvel_to_arduino script to /home/rajvardhan/ebot_controller/src/install/ebot_serial/lib/ebot_serial
Installing twist_to_stamped script to /home/rajvardhan/ebot_controller/src/install/ebot_serial/lib/ebot_serial
writing list of installed files to '/home/rajvardhan/ebot_controller/src/build/ebot_serial/install.log'
