[0.734s] Invoking command in '/home/rajvardhan/ebot_controller/src/ebot_serial': PYTHONPATH=/home/rajvardhan/ebot_controller/src/build/ebot_serial/prefix_override:/usr/lib/python3/dist-packages/colcon_core/task/python/colcon_distutils_commands:/home/rajvardhan/ebot_controller/src/install/ebot_serial/lib/python3.10/site-packages:${PYTHONPATH} /usr/bin/python3 -W ignore:setup.py install is deprecated -W ignore:easy_install command is deprecated setup.py egg_info --egg-base ../build/ebot_serial build --build-base /home/rajvardhan/ebot_controller/src/build/ebot_serial/build install --record /home/rajvardhan/ebot_controller/src/build/ebot_serial/install.log --single-version-externally-managed install_data
[0.948s] running egg_info
[0.948s] creating ../build/ebot_serial/ebot_serial.egg-info
[0.961s] writing ../build/ebot_serial/ebot_serial.egg-info/PKG-INFO
[0.961s] writing dependency_links to ../build/ebot_serial/ebot_serial.egg-info/dependency_links.txt
[0.961s] writing entry points to ../build/ebot_serial/ebot_serial.egg-info/entry_points.txt
[0.962s] writing requirements to ../build/ebot_serial/ebot_serial.egg-info/requires.txt
[0.962s] writing top-level names to ../build/ebot_serial/ebot_serial.egg-info/top_level.txt
[0.962s] writing manifest file '../build/ebot_serial/ebot_serial.egg-info/SOURCES.txt'
[0.989s] reading manifest file '../build/ebot_serial/ebot_serial.egg-info/SOURCES.txt'
[0.990s] writing manifest file '../build/ebot_serial/ebot_serial.egg-info/SOURCES.txt'
[0.990s] running build
[0.990s] running build_py
[0.990s] creating /home/rajvardhan/ebot_controller/src/build/ebot_serial/build
[0.990s] creating /home/rajvardhan/ebot_controller/src/build/ebot_serial/build/lib
[0.990s] creating /home/rajvardhan/ebot_controller/src/build/ebot_serial/build/lib/ebot_serial
[0.991s] copying ebot_serial/twist_to_stamped.py -> /home/rajvardhan/ebot_controller/src/build/ebot_serial/build/lib/ebot_serial
[0.991s] copying ebot_serial/cmdvel_to_ardiuno.py -> /home/rajvardhan/ebot_controller/src/build/ebot_serial/build/lib/ebot_serial
[0.991s] copying ebot_serial/__init__.py -> /home/rajvardhan/ebot_controller/src/build/ebot_serial/build/lib/ebot_serial
[0.991s] running install
[0.995s] running install_lib
[1.011s] creating /home/rajvardhan/ebot_controller/src/install/ebot_serial/lib/python3.10/site-packages/ebot_serial
[1.011s] copying /home/rajvardhan/ebot_controller/src/build/ebot_serial/build/lib/ebot_serial/twist_to_stamped.py -> /home/rajvardhan/ebot_controller/src/install/ebot_serial/lib/python3.10/site-packages/ebot_serial
[1.011s] copying /home/rajvardhan/ebot_controller/src/build/ebot_serial/build/lib/ebot_serial/cmdvel_to_ardiuno.py -> /home/rajvardhan/ebot_controller/src/install/ebot_serial/lib/python3.10/site-packages/ebot_serial
[1.011s] copying /home/rajvardhan/ebot_controller/src/build/ebot_serial/build/lib/ebot_serial/__init__.py -> /home/rajvardhan/ebot_controller/src/install/ebot_serial/lib/python3.10/site-packages/ebot_serial
[1.012s] byte-compiling /home/rajvardhan/ebot_controller/src/install/ebot_serial/lib/python3.10/site-packages/ebot_serial/twist_to_stamped.py to twist_to_stamped.cpython-310.pyc
[1.012s] byte-compiling /home/rajvardhan/ebot_controller/src/install/ebot_serial/lib/python3.10/site-packages/ebot_serial/cmdvel_to_ardiuno.py to cmdvel_to_ardiuno.cpython-310.pyc
[1.013s] byte-compiling /home/rajvardhan/ebot_controller/src/install/ebot_serial/lib/python3.10/site-packages/ebot_serial/__init__.py to __init__.cpython-310.pyc
[1.013s] running install_data
[1.013s] creating /home/rajvardhan/ebot_controller/src/install/ebot_serial/share/ament_index
[1.013s] creating /home/rajvardhan/ebot_controller/src/install/ebot_serial/share/ament_index/resource_index
[1.013s] creating /home/rajvardhan/ebot_controller/src/install/ebot_serial/share/ament_index/resource_index/packages
[1.013s] copying resource/ebot_serial -> /home/rajvardhan/ebot_controller/src/install/ebot_serial/share/ament_index/resource_index/packages
[1.013s] copying package.xml -> /home/rajvardhan/ebot_controller/src/install/ebot_serial/share/ebot_serial
[1.014s] running install_egg_info
[1.029s] Copying ../build/ebot_serial/ebot_serial.egg-info to /home/rajvardhan/ebot_controller/src/install/ebot_serial/lib/python3.10/site-packages/ebot_serial-0.0.0-py3.10.egg-info
[1.030s] running install_scripts
[1.158s] Installing cmdvel_to_arduino script to /home/rajvardhan/ebot_controller/src/install/ebot_serial/lib/ebot_serial
[1.158s] Installing twist_to_stamped script to /home/rajvardhan/ebot_controller/src/install/ebot_serial/lib/ebot_serial
[1.158s] writing list of installed files to '/home/rajvardhan/ebot_controller/src/build/ebot_serial/install.log'
[1.181s] Invoked command in '/home/rajvardhan/ebot_controller/src/ebot_serial' returned '0': PYTHONPATH=/home/rajvardhan/ebot_controller/src/build/ebot_serial/prefix_override:/usr/lib/python3/dist-packages/colcon_core/task/python/colcon_distutils_commands:/home/rajvardhan/ebot_controller/src/install/ebot_serial/lib/python3.10/site-packages:${PYTHONPATH} /usr/bin/python3 -W ignore:setup.py install is deprecated -W ignore:easy_install command is deprecated setup.py egg_info --egg-base ../build/ebot_serial build --build-base /home/rajvardhan/ebot_controller/src/build/ebot_serial/build install --record /home/rajvardhan/ebot_controller/src/build/ebot_serial/install.log --single-version-externally-managed install_data
