[0.015s] Invoking command in '/home/rajvardhan/ebot_controller/src/build/ebot_description': CMAKE_PREFIX_PATH=/home/rajvardhan/ebot_controller/src/install/ebot_serial:/opt/ros/humble /usr/bin/cmake /home/rajvardhan/ebot_controller/src/ebot_description -DCMAKE_INSTALL_PREFIX=/home/rajvardhan/ebot_controller/src/install/ebot_description
[0.064s] -- The C compiler identification is GNU 11.4.0
[0.113s] -- The CXX compiler identification is GNU 11.4.0
[0.120s] -- Detecting C compiler ABI info
[0.182s] -- Detecting C compiler ABI info - done
[0.187s] -- Check for working C compiler: /usr/bin/cc - skipped
[0.187s] -- Detecting C compile features
[0.188s] -- Detecting C compile features - done
[0.190s] -- Detecting CXX compiler ABI info
[0.266s] -- Detecting CXX compiler ABI info - done
[0.272s] -- Check for working CXX compiler: /usr/bin/c++ - skipped
[0.272s] -- Detecting CXX compile features
[0.273s] -- Detecting CXX compile features - done
[0.275s] -- Found ament_cmake: 1.3.12 (/opt/ros/humble/share/ament_cmake/cmake)
[0.586s] -- Found Python3: /usr/bin/python3 (found version "3.10.12") found components: Interpreter 
[0.720s] -- Configuring done
[0.723s] -- Generating done
[0.724s] -- Build files have been written to: /home/rajvardhan/ebot_controller/src/build/ebot_description
[0.729s] Invoked command in '/home/rajvardhan/ebot_controller/src/build/ebot_description' returned '0': CMAKE_PREFIX_PATH=/home/rajvardhan/ebot_controller/src/install/ebot_serial:/opt/ros/humble /usr/bin/cmake /home/rajvardhan/ebot_controller/src/ebot_description -DCMAKE_INSTALL_PREFIX=/home/rajvardhan/ebot_controller/src/install/ebot_description
[0.730s] Invoking command in '/home/rajvardhan/ebot_controller/src/build/ebot_description': CMAKE_PREFIX_PATH=/home/rajvardhan/ebot_controller/src/install/ebot_serial:/opt/ros/humble /usr/bin/cmake --build /home/rajvardhan/ebot_controller/src/build/ebot_description -- -j12 -l12
[0.768s] Invoked command in '/home/rajvardhan/ebot_controller/src/build/ebot_description' returned '0': CMAKE_PREFIX_PATH=/home/rajvardhan/ebot_controller/src/install/ebot_serial:/opt/ros/humble /usr/bin/cmake --build /home/rajvardhan/ebot_controller/src/build/ebot_description -- -j12 -l12
[0.778s] Invoking command in '/home/rajvardhan/ebot_controller/src/build/ebot_description': CMAKE_PREFIX_PATH=/home/rajvardhan/ebot_controller/src/install/ebot_serial:/opt/ros/humble /usr/bin/cmake --install /home/rajvardhan/ebot_controller/src/build/ebot_description
[0.785s] -- Install configuration: ""
[0.785s] -- Installing: /home/rajvardhan/ebot_controller/src/install/ebot_description/share/ebot_description/launch
[0.785s] -- Installing: /home/rajvardhan/ebot_controller/src/install/ebot_description/share/ebot_description/launch/spawn_ebot.launch.py
[0.785s] -- Installing: /home/rajvardhan/ebot_controller/src/install/ebot_description/share/ebot_description/models
[0.786s] -- Installing: /home/rajvardhan/ebot_controller/src/install/ebot_description/share/ebot_description/models/ebot
[0.786s] -- Installing: /home/rajvardhan/ebot_controller/src/install/ebot_description/share/ebot_description/models/ebot/ebot.gazebo
[0.786s] -- Installing: /home/rajvardhan/ebot_controller/src/install/ebot_description/share/ebot_description/models/ebot/ebot_description.xacro
[0.786s] -- Installing: /home/rajvardhan/ebot_controller/src/install/ebot_description/share/ebot_description/meshes
[0.786s] -- Installing: /home/rajvardhan/ebot_controller/src/install/ebot_description/share/ebot_description/meshes/LHUS9.STL
[0.786s] -- Installing: /home/rajvardhan/ebot_controller/src/install/ebot_description/share/ebot_description/meshes/FUS1.STL
[0.786s] -- Installing: /home/rajvardhan/ebot_controller/src/install/ebot_description/share/ebot_description/meshes/RWR.STL
[0.787s] -- Installing: /home/rajvardhan/ebot_controller/src/install/ebot_description/share/ebot_description/meshes/RWL.STL
[0.788s] -- Installing: /home/rajvardhan/ebot_controller/src/install/ebot_description/share/ebot_description/meshes/RHUS7.STL
[0.788s] -- Installing: /home/rajvardhan/ebot_controller/src/install/ebot_description/share/ebot_description/meshes/LHUS10.STL
[0.789s] -- Installing: /home/rajvardhan/ebot_controller/src/install/ebot_description/share/ebot_description/meshes/RUS5.STL
[0.789s] -- Installing: /home/rajvardhan/ebot_controller/src/install/ebot_description/share/ebot_description/meshes/RHUS9.STL
[0.789s] -- Installing: /home/rajvardhan/ebot_controller/src/install/ebot_description/share/ebot_description/meshes/ebot_aruco_tag.jpg
[0.789s] -- Installing: /home/rajvardhan/ebot_controller/src/install/ebot_description/share/ebot_description/meshes/FUS4.STL
[0.789s] -- Installing: /home/rajvardhan/ebot_controller/src/install/ebot_description/share/ebot_description/meshes/robot_base.stl
[0.790s] -- Installing: /home/rajvardhan/ebot_controller/src/install/ebot_description/share/ebot_description/meshes/chassis_modified.dae
[0.823s] -- Installing: /home/rajvardhan/ebot_controller/src/install/ebot_description/share/ebot_description/meshes/FWR.STL
[0.824s] -- Installing: /home/rajvardhan/ebot_controller/src/install/ebot_description/share/ebot_description/meshes/FWL.STL
[0.825s] -- Installing: /home/rajvardhan/ebot_controller/src/install/ebot_description/share/ebot_description/meshes/RUS6.STL
[0.825s] -- Installing: /home/rajvardhan/ebot_controller/src/install/ebot_description/share/ebot_description/meshes/FUS2.STL
[0.825s] -- Installing: /home/rajvardhan/ebot_controller/src/install/ebot_description/share/ebot_description/meshes/FUS3.STL
[0.825s] -- Installing: /home/rajvardhan/ebot_controller/src/install/ebot_description/share/ebot_description/config
[0.826s] -- Installing: /home/rajvardhan/ebot_controller/src/install/ebot_description/share/ebot_description/config/controller.yaml
[0.826s] -- Installing: /home/rajvardhan/ebot_controller/src/install/ebot_description/lib/ebot_description/payload.py
[0.826s] -- Installing: /home/rajvardhan/ebot_controller/src/install/ebot_description/lib/ebot_description/spawner.py
[0.826s] -- Installing: /home/rajvardhan/ebot_controller/src/install/ebot_description/share/ament_index/resource_index/package_run_dependencies/ebot_description
[0.827s] -- Installing: /home/rajvardhan/ebot_controller/src/install/ebot_description/share/ament_index/resource_index/parent_prefix_path/ebot_description
[0.827s] -- Installing: /home/rajvardhan/ebot_controller/src/install/ebot_description/share/ebot_description/environment/ament_prefix_path.sh
[0.827s] -- Installing: /home/rajvardhan/ebot_controller/src/install/ebot_description/share/ebot_description/environment/ament_prefix_path.dsv
[0.827s] -- Installing: /home/rajvardhan/ebot_controller/src/install/ebot_description/share/ebot_description/environment/path.sh
[0.827s] -- Installing: /home/rajvardhan/ebot_controller/src/install/ebot_description/share/ebot_description/environment/path.dsv
[0.828s] -- Installing: /home/rajvardhan/ebot_controller/src/install/ebot_description/share/ebot_description/local_setup.bash
[0.828s] -- Installing: /home/rajvardhan/ebot_controller/src/install/ebot_description/share/ebot_description/local_setup.sh
[0.828s] -- Installing: /home/rajvardhan/ebot_controller/src/install/ebot_description/share/ebot_description/local_setup.zsh
[0.828s] -- Installing: /home/rajvardhan/ebot_controller/src/install/ebot_description/share/ebot_description/local_setup.dsv
[0.828s] -- Installing: /home/rajvardhan/ebot_controller/src/install/ebot_description/share/ebot_description/package.dsv
[0.829s] -- Installing: /home/rajvardhan/ebot_controller/src/install/ebot_description/share/ament_index/resource_index/packages/ebot_description
[0.829s] -- Installing: /home/rajvardhan/ebot_controller/src/install/ebot_description/share/ebot_description/cmake/ebot_descriptionConfig.cmake
[0.829s] -- Installing: /home/rajvardhan/ebot_controller/src/install/ebot_description/share/ebot_description/cmake/ebot_descriptionConfig-version.cmake
[0.829s] -- Installing: /home/rajvardhan/ebot_controller/src/install/ebot_description/share/ebot_description/package.xml
[0.832s] Invoked command in '/home/rajvardhan/ebot_controller/src/build/ebot_description' returned '0': CMAKE_PREFIX_PATH=/home/rajvardhan/ebot_controller/src/install/ebot_serial:/opt/ros/humble /usr/bin/cmake --install /home/rajvardhan/ebot_controller/src/build/ebot_description
